<?xml version="1.0" encoding="UTF-8"?>
<!-- Generated by org.testng.reporters.JUnitReportReporter -->
<testsuite hostname="LAPTOP-7NUDA82T" failures="0" tests="4" name="com.ul.qa.testcases.ValidateSubMenu" time="31.921" errors="0" timestamp="2021-03-15T16:49:12 IST" skipped="0">
  <testcase classname="com.ul.qa.testcases.ValidateSubMenu" name="homePageTitleTest" time="12.501"/>
  <testcase classname="com.ul.qa.testcases.ValidateSubMenu" name="closePopUpTest" time="4.684"/>
  <testcase classname="com.ul.qa.testcases.ValidateSubMenu" name="CollectionButtonTest" time="11.148"/>
  <testcase classname="com.ul.qa.testcases.ValidateSubMenu" name="subMenuTest" time="3.588"/>
</testsuite> <!-- com.ul.qa.testcases.ValidateSubMenu -->
