<?xml version="1.0" encoding="UTF-8"?>
<!-- Generated by org.testng.reporters.JUnitReportReporter -->
<testsuite hostname="LAPTOP-7NUDA82T" failures="0" tests="1" name="com.ul.qa.testcases.HomeTest" time="47.240" errors="0" timestamp="2021-03-09T21:09:47 IST" skipped="0">
  <testcase classname="com.ul.qa.testcases.HomeTest" name="test" time="47.240"/>
</testsuite> <!-- com.ul.qa.testcases.HomeTest -->
